[DEBUG] [20-07-02] [org.apache.ibatis.logging.LogFactory]Logging initialized using 'class org.apache.ibatis.logging.log4j.Log4jImpl' adapter.
[DEBUG] [20-07-02] [org.apache.ibatis.logging.LogFactory]Logging initialized using 'class org.apache.ibatis.logging.log4j.Log4jImpl' adapter.
[DEBUG] [20-07-02] [org.apache.ibatis.datasource.pooled.PooledDataSource]PooledDataSource forcefully closed/removed all connections.
[DEBUG] [20-07-02] [org.apache.ibatis.datasource.pooled.PooledDataSource]PooledDataSource forcefully closed/removed all connections.
[DEBUG] [20-07-02] [org.apache.ibatis.datasource.pooled.PooledDataSource]PooledDataSource forcefully closed/removed all connections.
[DEBUG] [20-07-02] [org.apache.ibatis.datasource.pooled.PooledDataSource]PooledDataSource forcefully closed/removed all connections.
[DEBUG] [20-07-02] [org.apache.ibatis.logging.LogFactory]Logging initialized using 'class org.apache.ibatis.logging.log4j.Log4jImpl' adapter.
[DEBUG] [20-07-02] [org.apache.ibatis.logging.LogFactory]Logging initialized using 'class org.apache.ibatis.logging.log4j.Log4jImpl' adapter.
[DEBUG] [20-07-02] [org.apache.ibatis.datasource.pooled.PooledDataSource]PooledDataSource forcefully closed/removed all connections.
[DEBUG] [20-07-02] [org.apache.ibatis.datasource.pooled.PooledDataSource]PooledDataSource forcefully closed/removed all connections.
[DEBUG] [20-07-02] [org.apache.ibatis.datasource.pooled.PooledDataSource]PooledDataSource forcefully closed/removed all connections.
[DEBUG] [20-07-02] [org.apache.ibatis.datasource.pooled.PooledDataSource]PooledDataSource forcefully closed/removed all connections.
[DEBUG] [20-07-02] [org.apache.ibatis.logging.LogFactory]Logging initialized using 'class org.apache.ibatis.logging.log4j.Log4jImpl' adapter.
[DEBUG] [20-07-02] [org.apache.ibatis.logging.LogFactory]Logging initialized using 'class org.apache.ibatis.logging.log4j.Log4jImpl' adapter.
[DEBUG] [20-07-02] [org.apache.ibatis.datasource.pooled.PooledDataSource]PooledDataSource forcefully closed/removed all connections.
[DEBUG] [20-07-02] [org.apache.ibatis.datasource.pooled.PooledDataSource]PooledDataSource forcefully closed/removed all connections.
[DEBUG] [20-07-02] [org.apache.ibatis.datasource.pooled.PooledDataSource]PooledDataSource forcefully closed/removed all connections.
[DEBUG] [20-07-02] [org.apache.ibatis.datasource.pooled.PooledDataSource]PooledDataSource forcefully closed/removed all connections.
[DEBUG] [20-07-02] [org.apache.ibatis.logging.LogFactory]Logging initialized using 'class org.apache.ibatis.logging.log4j.Log4jImpl' adapter.
[DEBUG] [20-07-02] [org.apache.ibatis.logging.LogFactory]Logging initialized using 'class org.apache.ibatis.logging.log4j.Log4jImpl' adapter.
[DEBUG] [20-07-02] [org.apache.ibatis.datasource.pooled.PooledDataSource]PooledDataSource forcefully closed/removed all connections.
[DEBUG] [20-07-02] [org.apache.ibatis.datasource.pooled.PooledDataSource]PooledDataSource forcefully closed/removed all connections.
[DEBUG] [20-07-02] [org.apache.ibatis.datasource.pooled.PooledDataSource]PooledDataSource forcefully closed/removed all connections.
[DEBUG] [20-07-02] [org.apache.ibatis.datasource.pooled.PooledDataSource]PooledDataSource forcefully closed/removed all connections.
[DEBUG] [20-07-02] [org.apache.ibatis.transaction.jdbc.JdbcTransaction]Opening JDBC Connection
[DEBUG] [20-07-02] [org.apache.ibatis.datasource.pooled.PooledDataSource]Created connection 101775274.
[DEBUG] [20-07-02] [org.apache.ibatis.transaction.jdbc.JdbcTransaction]Setting autocommit to false on JDBC Connection [com.mysql.cj.jdbc.ConnectionImpl@610f7aa]
[DEBUG] [20-07-02] [cn.demo.mapper.IUserMapper.getUserAll]==>  Preparing: SELECT id,username,password FROM testdb.userinfo 
[DEBUG] [20-07-02] [cn.demo.mapper.IUserMapper.getUserAll]==> Parameters: 
[DEBUG] [20-07-02] [cn.demo.mapper.IUserMapper.getUserAll]<==      Total: 6
[DEBUG] [20-07-02] [org.apache.ibatis.transaction.jdbc.JdbcTransaction]Resetting autocommit to true on JDBC Connection [com.mysql.cj.jdbc.ConnectionImpl@610f7aa]
[DEBUG] [20-07-02] [org.apache.ibatis.transaction.jdbc.JdbcTransaction]Closing JDBC Connection [com.mysql.cj.jdbc.ConnectionImpl@610f7aa]
[DEBUG] [20-07-02] [org.apache.ibatis.datasource.pooled.PooledDataSource]Returned connection 101775274 to pool.
[DEBUG] [20-07-02] [org.apache.ibatis.logging.LogFactory]Logging initialized using 'class org.apache.ibatis.logging.log4j.Log4jImpl' adapter.
[DEBUG] [20-07-02] [org.apache.ibatis.logging.LogFactory]Logging initialized using 'class org.apache.ibatis.logging.log4j.Log4jImpl' adapter.
[DEBUG] [20-07-02] [org.apache.ibatis.datasource.pooled.PooledDataSource]PooledDataSource forcefully closed/removed all connections.
[DEBUG] [20-07-02] [org.apache.ibatis.datasource.pooled.PooledDataSource]PooledDataSource forcefully closed/removed all connections.
[DEBUG] [20-07-02] [org.apache.ibatis.datasource.pooled.PooledDataSource]PooledDataSource forcefully closed/removed all connections.
[DEBUG] [20-07-02] [org.apache.ibatis.datasource.pooled.PooledDataSource]PooledDataSource forcefully closed/removed all connections.
[DEBUG] [20-07-02] [org.apache.ibatis.transaction.jdbc.JdbcTransaction]Opening JDBC Connection
[DEBUG] [20-07-02] [org.apache.ibatis.datasource.pooled.PooledDataSource]Created connection 1730704097.
[DEBUG] [20-07-02] [org.apache.ibatis.transaction.jdbc.JdbcTransaction]Setting autocommit to false on JDBC Connection [com.mysql.cj.jdbc.ConnectionImpl@672872e1]
[DEBUG] [20-07-02] [cn.demo.mapper.IUserMapper.getUserAllOfLimit]==>  Preparing: SELECT id,username,password FROM testdb.userinfo LIMIT ?,? 
[DEBUG] [20-07-02] [cn.demo.mapper.IUserMapper.getUserAllOfLimit]==> Parameters: 0(Integer), 2(Integer)
[DEBUG] [20-07-02] [cn.demo.mapper.IUserMapper.getUserAllOfLimit]<==      Total: 2
[DEBUG] [20-07-02] [org.apache.ibatis.transaction.jdbc.JdbcTransaction]Resetting autocommit to true on JDBC Connection [com.mysql.cj.jdbc.ConnectionImpl@672872e1]
[DEBUG] [20-07-02] [org.apache.ibatis.transaction.jdbc.JdbcTransaction]Closing JDBC Connection [com.mysql.cj.jdbc.ConnectionImpl@672872e1]
[DEBUG] [20-07-02] [org.apache.ibatis.datasource.pooled.PooledDataSource]Returned connection 1730704097 to pool.
