[DEBUG] [20-07-02] [org.apache.ibatis.logging.LogFactory]Logging initialized using 'class org.apache.ibatis.logging.log4j.Log4jImpl' adapter.
[DEBUG] [20-07-02] [org.apache.ibatis.datasource.pooled.PooledDataSource]PooledDataSource forcefully closed/removed all connections.
[DEBUG] [20-07-02] [org.apache.ibatis.datasource.pooled.PooledDataSource]PooledDataSource forcefully closed/removed all connections.
[DEBUG] [20-07-02] [org.apache.ibatis.datasource.pooled.PooledDataSource]PooledDataSource forcefully closed/removed all connections.
[DEBUG] [20-07-02] [org.apache.ibatis.datasource.pooled.PooledDataSource]PooledDataSource forcefully closed/removed all connections.
[DEBUG] [20-07-02] [org.apache.ibatis.logging.LogFactory]Logging initialized using 'class org.apache.ibatis.logging.log4j.Log4jImpl' adapter.
[DEBUG] [20-07-02] [org.apache.ibatis.datasource.pooled.PooledDataSource]PooledDataSource forcefully closed/removed all connections.
[DEBUG] [20-07-02] [org.apache.ibatis.datasource.pooled.PooledDataSource]PooledDataSource forcefully closed/removed all connections.
[DEBUG] [20-07-02] [org.apache.ibatis.datasource.pooled.PooledDataSource]PooledDataSource forcefully closed/removed all connections.
[DEBUG] [20-07-02] [org.apache.ibatis.datasource.pooled.PooledDataSource]PooledDataSource forcefully closed/removed all connections.
[DEBUG] [20-07-02] [org.apache.ibatis.transaction.jdbc.JdbcTransaction]Opening JDBC Connection
[DEBUG] [20-07-02] [org.apache.ibatis.datasource.pooled.PooledDataSource]Created connection 1840903588.
[DEBUG] [20-07-02] [org.apache.ibatis.transaction.jdbc.JdbcTransaction]Setting autocommit to false on JDBC Connection [com.mysql.cj.jdbc.ConnectionImpl@6db9f5a4]
[DEBUG] [20-07-02] [cn.demo.mapper.IUserMapper.getUserAll]==>  Preparing: select id,username,password from userinfo 
[DEBUG] [20-07-02] [cn.demo.mapper.IUserMapper.getUserAll]==> Parameters: 
[DEBUG] [20-07-02] [cn.demo.mapper.IUserMapper.getUserAll]<==      Total: 6
[DEBUG] [20-07-02] [org.apache.ibatis.transaction.jdbc.JdbcTransaction]Resetting autocommit to true on JDBC Connection [com.mysql.cj.jdbc.ConnectionImpl@6db9f5a4]
[DEBUG] [20-07-02] [org.apache.ibatis.transaction.jdbc.JdbcTransaction]Closing JDBC Connection [com.mysql.cj.jdbc.ConnectionImpl@6db9f5a4]
[DEBUG] [20-07-02] [org.apache.ibatis.datasource.pooled.PooledDataSource]Returned connection 1840903588 to pool.
[DEBUG] [20-07-02] [org.apache.ibatis.logging.LogFactory]Logging initialized using 'class org.apache.ibatis.logging.log4j.Log4jImpl' adapter.
[DEBUG] [20-07-02] [org.apache.ibatis.datasource.pooled.PooledDataSource]PooledDataSource forcefully closed/removed all connections.
[DEBUG] [20-07-02] [org.apache.ibatis.datasource.pooled.PooledDataSource]PooledDataSource forcefully closed/removed all connections.
[DEBUG] [20-07-02] [org.apache.ibatis.datasource.pooled.PooledDataSource]PooledDataSource forcefully closed/removed all connections.
[DEBUG] [20-07-02] [org.apache.ibatis.datasource.pooled.PooledDataSource]PooledDataSource forcefully closed/removed all connections.
[DEBUG] [20-07-02] [org.apache.ibatis.logging.LogFactory]Logging initialized using 'class org.apache.ibatis.logging.log4j.Log4jImpl' adapter.
[DEBUG] [20-07-02] [org.apache.ibatis.datasource.pooled.PooledDataSource]PooledDataSource forcefully closed/removed all connections.
[DEBUG] [20-07-02] [org.apache.ibatis.datasource.pooled.PooledDataSource]PooledDataSource forcefully closed/removed all connections.
[DEBUG] [20-07-02] [org.apache.ibatis.datasource.pooled.PooledDataSource]PooledDataSource forcefully closed/removed all connections.
[DEBUG] [20-07-02] [org.apache.ibatis.datasource.pooled.PooledDataSource]PooledDataSource forcefully closed/removed all connections.
[DEBUG] [20-07-02] [org.apache.ibatis.transaction.jdbc.JdbcTransaction]Opening JDBC Connection
[DEBUG] [20-07-02] [org.apache.ibatis.datasource.pooled.PooledDataSource]Created connection 1840903588.
[DEBUG] [20-07-02] [org.apache.ibatis.transaction.jdbc.JdbcTransaction]Setting autocommit to false on JDBC Connection [com.mysql.cj.jdbc.ConnectionImpl@6db9f5a4]
[DEBUG] [20-07-02] [cn.demo.mapper.IUserMapper.getUserAll]==>  Preparing: select id,username,password from userinfo 
[DEBUG] [20-07-02] [cn.demo.mapper.IUserMapper.getUserAll]==> Parameters: 
[DEBUG] [20-07-02] [cn.demo.mapper.IUserMapper.getUserAll]<==      Total: 6
[DEBUG] [20-07-02] [org.apache.ibatis.transaction.jdbc.JdbcTransaction]Resetting autocommit to true on JDBC Connection [com.mysql.cj.jdbc.ConnectionImpl@6db9f5a4]
[DEBUG] [20-07-02] [org.apache.ibatis.transaction.jdbc.JdbcTransaction]Closing JDBC Connection [com.mysql.cj.jdbc.ConnectionImpl@6db9f5a4]
[DEBUG] [20-07-02] [org.apache.ibatis.datasource.pooled.PooledDataSource]Returned connection 1840903588 to pool.
[DEBUG] [20-07-02] [org.apache.ibatis.logging.LogFactory]Logging initialized using 'class org.apache.ibatis.logging.log4j.Log4jImpl' adapter.
[DEBUG] [20-07-02] [org.apache.ibatis.logging.LogFactory]Logging initialized using 'class org.apache.ibatis.logging.log4j.Log4jImpl' adapter.
[DEBUG] [20-07-02] [org.apache.ibatis.datasource.pooled.PooledDataSource]PooledDataSource forcefully closed/removed all connections.
[DEBUG] [20-07-02] [org.apache.ibatis.datasource.pooled.PooledDataSource]PooledDataSource forcefully closed/removed all connections.
[DEBUG] [20-07-02] [org.apache.ibatis.datasource.pooled.PooledDataSource]PooledDataSource forcefully closed/removed all connections.
[DEBUG] [20-07-02] [org.apache.ibatis.datasource.pooled.PooledDataSource]PooledDataSource forcefully closed/removed all connections.
[DEBUG] [20-07-02] [org.apache.ibatis.logging.LogFactory]Logging initialized using 'class org.apache.ibatis.logging.log4j.Log4jImpl' adapter.
[DEBUG] [20-07-02] [org.apache.ibatis.logging.LogFactory]Logging initialized using 'class org.apache.ibatis.logging.log4j.Log4jImpl' adapter.
[DEBUG] [20-07-02] [org.apache.ibatis.datasource.pooled.PooledDataSource]PooledDataSource forcefully closed/removed all connections.
[DEBUG] [20-07-02] [org.apache.ibatis.datasource.pooled.PooledDataSource]PooledDataSource forcefully closed/removed all connections.
[DEBUG] [20-07-02] [org.apache.ibatis.datasource.pooled.PooledDataSource]PooledDataSource forcefully closed/removed all connections.
[DEBUG] [20-07-02] [org.apache.ibatis.datasource.pooled.PooledDataSource]PooledDataSource forcefully closed/removed all connections.
[DEBUG] [20-07-02] [org.apache.ibatis.transaction.jdbc.JdbcTransaction]Opening JDBC Connection
[DEBUG] [20-07-02] [org.apache.ibatis.datasource.pooled.PooledDataSource]Created connection 101775274.
[DEBUG] [20-07-02] [org.apache.ibatis.transaction.jdbc.JdbcTransaction]Setting autocommit to false on JDBC Connection [com.mysql.cj.jdbc.ConnectionImpl@610f7aa]
[DEBUG] [20-07-02] [cn.demo.mapper.IUserMapper.getUserAll]==>  Preparing: SELECT id,username,password FROM testdb.userinfo 
[DEBUG] [20-07-02] [cn.demo.mapper.IUserMapper.getUserAll]==> Parameters: 
[DEBUG] [20-07-02] [cn.demo.mapper.IUserMapper.getUserAll]<==      Total: 6
[DEBUG] [20-07-02] [org.apache.ibatis.transaction.jdbc.JdbcTransaction]Resetting autocommit to true on JDBC Connection [com.mysql.cj.jdbc.ConnectionImpl@610f7aa]
[DEBUG] [20-07-02] [org.apache.ibatis.transaction.jdbc.JdbcTransaction]Closing JDBC Connection [com.mysql.cj.jdbc.ConnectionImpl@610f7aa]
[DEBUG] [20-07-02] [org.apache.ibatis.datasource.pooled.PooledDataSource]Returned connection 101775274 to pool.
[DEBUG] [20-08-05] [org.apache.ibatis.logging.LogFactory]Logging initialized using 'class org.apache.ibatis.logging.log4j.Log4jImpl' adapter.
[DEBUG] [20-08-05] [org.apache.ibatis.logging.LogFactory]Logging initialized using 'class org.apache.ibatis.logging.log4j.Log4jImpl' adapter.
[DEBUG] [20-08-05] [org.apache.ibatis.datasource.pooled.PooledDataSource]PooledDataSource forcefully closed/removed all connections.
[DEBUG] [20-08-05] [org.apache.ibatis.datasource.pooled.PooledDataSource]PooledDataSource forcefully closed/removed all connections.
[DEBUG] [20-08-05] [org.apache.ibatis.datasource.pooled.PooledDataSource]PooledDataSource forcefully closed/removed all connections.
[DEBUG] [20-08-05] [org.apache.ibatis.datasource.pooled.PooledDataSource]PooledDataSource forcefully closed/removed all connections.
[DEBUG] [20-08-05] [org.apache.ibatis.transaction.jdbc.JdbcTransaction]Opening JDBC Connection
[DEBUG] [20-08-05] [org.apache.ibatis.datasource.pooled.PooledDataSource]Created connection 101775274.
[DEBUG] [20-08-05] [org.apache.ibatis.transaction.jdbc.JdbcTransaction]Setting autocommit to false on JDBC Connection [com.mysql.cj.jdbc.ConnectionImpl@610f7aa]
[DEBUG] [20-08-05] [cn.demo.mapper.IUserMapper.getUserAll]==>  Preparing: SELECT id,username,password FROM testdb.userinfo 
[DEBUG] [20-08-05] [cn.demo.mapper.IUserMapper.getUserAll]==> Parameters: 
[DEBUG] [20-08-05] [cn.demo.mapper.IUserMapper.getUserAll]<==      Total: 6
[DEBUG] [20-08-05] [org.apache.ibatis.transaction.jdbc.JdbcTransaction]Resetting autocommit to true on JDBC Connection [com.mysql.cj.jdbc.ConnectionImpl@610f7aa]
[DEBUG] [20-08-05] [org.apache.ibatis.transaction.jdbc.JdbcTransaction]Closing JDBC Connection [com.mysql.cj.jdbc.ConnectionImpl@610f7aa]
[DEBUG] [20-08-05] [org.apache.ibatis.datasource.pooled.PooledDataSource]Returned connection 101775274 to pool.
[DEBUG] [20-12-20] [org.apache.ibatis.logging.LogFactory]Logging initialized using 'class org.apache.ibatis.logging.log4j.Log4jImpl' adapter.
[DEBUG] [20-12-20] [org.apache.ibatis.logging.LogFactory]Logging initialized using 'class org.apache.ibatis.logging.log4j.Log4jImpl' adapter.
[DEBUG] [20-12-20] [org.apache.ibatis.datasource.pooled.PooledDataSource]PooledDataSource forcefully closed/removed all connections.
[DEBUG] [20-12-20] [org.apache.ibatis.datasource.pooled.PooledDataSource]PooledDataSource forcefully closed/removed all connections.
[DEBUG] [20-12-20] [org.apache.ibatis.datasource.pooled.PooledDataSource]PooledDataSource forcefully closed/removed all connections.
[DEBUG] [20-12-20] [org.apache.ibatis.datasource.pooled.PooledDataSource]PooledDataSource forcefully closed/removed all connections.
[DEBUG] [20-12-20] [org.apache.ibatis.transaction.jdbc.JdbcTransaction]Opening JDBC Connection
[DEBUG] [20-12-20] [org.apache.ibatis.datasource.pooled.PooledDataSource]Created connection 396883763.
[DEBUG] [20-12-20] [org.apache.ibatis.transaction.jdbc.JdbcTransaction]Setting autocommit to false on JDBC Connection [com.mysql.cj.jdbc.ConnectionImpl@17a7f733]
[DEBUG] [20-12-20] [cn.demo.mapper.IUserMapper.update]==>  Preparing: update testdb.userinfo set username=?,password=? where id = 5 
[DEBUG] [20-12-20] [org.apache.ibatis.logging.LogFactory]Logging initialized using 'class org.apache.ibatis.logging.log4j.Log4jImpl' adapter.
[DEBUG] [20-12-20] [org.apache.ibatis.logging.LogFactory]Logging initialized using 'class org.apache.ibatis.logging.log4j.Log4jImpl' adapter.
[DEBUG] [20-12-20] [org.apache.ibatis.datasource.pooled.PooledDataSource]PooledDataSource forcefully closed/removed all connections.
[DEBUG] [20-12-20] [org.apache.ibatis.datasource.pooled.PooledDataSource]PooledDataSource forcefully closed/removed all connections.
[DEBUG] [20-12-20] [org.apache.ibatis.datasource.pooled.PooledDataSource]PooledDataSource forcefully closed/removed all connections.
[DEBUG] [20-12-20] [org.apache.ibatis.datasource.pooled.PooledDataSource]PooledDataSource forcefully closed/removed all connections.
[DEBUG] [20-12-20] [org.apache.ibatis.transaction.jdbc.JdbcTransaction]Opening JDBC Connection
[DEBUG] [20-12-20] [org.apache.ibatis.datasource.pooled.PooledDataSource]Created connection 396883763.
[DEBUG] [20-12-20] [org.apache.ibatis.transaction.jdbc.JdbcTransaction]Setting autocommit to false on JDBC Connection [com.mysql.cj.jdbc.ConnectionImpl@17a7f733]
[DEBUG] [20-12-20] [cn.demo.mapper.IUserMapper.update]==>  Preparing: update userinfo set username=?,password=? where id = 5 
[DEBUG] [20-12-20] [org.apache.ibatis.logging.LogFactory]Logging initialized using 'class org.apache.ibatis.logging.log4j.Log4jImpl' adapter.
[DEBUG] [20-12-20] [org.apache.ibatis.logging.LogFactory]Logging initialized using 'class org.apache.ibatis.logging.log4j.Log4jImpl' adapter.
[DEBUG] [20-12-20] [org.apache.ibatis.datasource.pooled.PooledDataSource]PooledDataSource forcefully closed/removed all connections.
[DEBUG] [20-12-20] [org.apache.ibatis.datasource.pooled.PooledDataSource]PooledDataSource forcefully closed/removed all connections.
[DEBUG] [20-12-20] [org.apache.ibatis.datasource.pooled.PooledDataSource]PooledDataSource forcefully closed/removed all connections.
[DEBUG] [20-12-20] [org.apache.ibatis.datasource.pooled.PooledDataSource]PooledDataSource forcefully closed/removed all connections.
[DEBUG] [20-12-20] [org.apache.ibatis.transaction.jdbc.JdbcTransaction]Opening JDBC Connection
[DEBUG] [20-12-20] [org.apache.ibatis.datasource.pooled.PooledDataSource]Created connection 396883763.
[DEBUG] [20-12-20] [org.apache.ibatis.transaction.jdbc.JdbcTransaction]Setting autocommit to false on JDBC Connection [com.mysql.cj.jdbc.ConnectionImpl@17a7f733]
[DEBUG] [20-12-20] [cn.demo.mapper.IUserMapper.update]==>  Preparing: update userinfo set username=?,password=? where id = 5 
[DEBUG] [20-12-20] [cn.demo.mapper.IUserMapper.update]==> Parameters: harman(String), 555555(String)
[DEBUG] [20-12-20] [cn.demo.mapper.IUserMapper.update]<==    Updates: 1
[DEBUG] [20-12-20] [org.apache.ibatis.logging.LogFactory]Logging initialized using 'class org.apache.ibatis.logging.log4j.Log4jImpl' adapter.
[DEBUG] [20-12-20] [org.apache.ibatis.logging.LogFactory]Logging initialized using 'class org.apache.ibatis.logging.log4j.Log4jImpl' adapter.
[DEBUG] [20-12-20] [org.apache.ibatis.datasource.pooled.PooledDataSource]PooledDataSource forcefully closed/removed all connections.
[DEBUG] [20-12-20] [org.apache.ibatis.datasource.pooled.PooledDataSource]PooledDataSource forcefully closed/removed all connections.
[DEBUG] [20-12-20] [org.apache.ibatis.datasource.pooled.PooledDataSource]PooledDataSource forcefully closed/removed all connections.
[DEBUG] [20-12-20] [org.apache.ibatis.datasource.pooled.PooledDataSource]PooledDataSource forcefully closed/removed all connections.
[DEBUG] [20-12-20] [org.apache.ibatis.transaction.jdbc.JdbcTransaction]Opening JDBC Connection
[DEBUG] [20-12-20] [org.apache.ibatis.datasource.pooled.PooledDataSource]Created connection 396883763.
[DEBUG] [20-12-20] [org.apache.ibatis.transaction.jdbc.JdbcTransaction]Setting autocommit to false on JDBC Connection [com.mysql.cj.jdbc.ConnectionImpl@17a7f733]
[DEBUG] [20-12-20] [cn.demo.mapper.IUserMapper.update]==>  Preparing: update userinfo set username=?,password=? where id = 5 
[DEBUG] [20-12-20] [cn.demo.mapper.IUserMapper.update]==> Parameters: harman(String), 555555(String)
[DEBUG] [20-12-20] [cn.demo.mapper.IUserMapper.update]<==    Updates: 1
[DEBUG] [20-12-20] [org.apache.ibatis.logging.LogFactory]Logging initialized using 'class org.apache.ibatis.logging.log4j.Log4jImpl' adapter.
[DEBUG] [20-12-20] [org.apache.ibatis.logging.LogFactory]Logging initialized using 'class org.apache.ibatis.logging.log4j.Log4jImpl' adapter.
[DEBUG] [20-12-20] [org.apache.ibatis.datasource.pooled.PooledDataSource]PooledDataSource forcefully closed/removed all connections.
[DEBUG] [20-12-20] [org.apache.ibatis.datasource.pooled.PooledDataSource]PooledDataSource forcefully closed/removed all connections.
[DEBUG] [20-12-20] [org.apache.ibatis.datasource.pooled.PooledDataSource]PooledDataSource forcefully closed/removed all connections.
[DEBUG] [20-12-20] [org.apache.ibatis.datasource.pooled.PooledDataSource]PooledDataSource forcefully closed/removed all connections.
[DEBUG] [20-12-20] [org.apache.ibatis.transaction.jdbc.JdbcTransaction]Opening JDBC Connection
[DEBUG] [20-12-20] [org.apache.ibatis.datasource.pooled.PooledDataSource]Created connection 961160488.
[DEBUG] [20-12-20] [org.apache.ibatis.transaction.jdbc.JdbcTransaction]Setting autocommit to false on JDBC Connection [com.mysql.cj.jdbc.ConnectionImpl@394a2528]
[DEBUG] [20-12-20] [cn.demo.mapper.IUserMapper.getUserAll]==>  Preparing: SELECT id,username,password FROM testdb.userinfo 
[DEBUG] [20-12-20] [cn.demo.mapper.IUserMapper.getUserAll]==> Parameters: 
[DEBUG] [20-12-20] [cn.demo.mapper.IUserMapper.getUserAll]<==      Total: 5
[DEBUG] [20-12-20] [org.apache.ibatis.transaction.jdbc.JdbcTransaction]Resetting autocommit to true on JDBC Connection [com.mysql.cj.jdbc.ConnectionImpl@394a2528]
[DEBUG] [20-12-20] [org.apache.ibatis.transaction.jdbc.JdbcTransaction]Closing JDBC Connection [com.mysql.cj.jdbc.ConnectionImpl@394a2528]
[DEBUG] [20-12-20] [org.apache.ibatis.datasource.pooled.PooledDataSource]Returned connection 961160488 to pool.
[DEBUG] [20-12-20] [org.apache.ibatis.logging.LogFactory]Logging initialized using 'class org.apache.ibatis.logging.log4j.Log4jImpl' adapter.
[DEBUG] [20-12-20] [org.apache.ibatis.logging.LogFactory]Logging initialized using 'class org.apache.ibatis.logging.log4j.Log4jImpl' adapter.
[DEBUG] [20-12-20] [org.apache.ibatis.datasource.pooled.PooledDataSource]PooledDataSource forcefully closed/removed all connections.
[DEBUG] [20-12-20] [org.apache.ibatis.datasource.pooled.PooledDataSource]PooledDataSource forcefully closed/removed all connections.
[DEBUG] [20-12-20] [org.apache.ibatis.datasource.pooled.PooledDataSource]PooledDataSource forcefully closed/removed all connections.
[DEBUG] [20-12-20] [org.apache.ibatis.datasource.pooled.PooledDataSource]PooledDataSource forcefully closed/removed all connections.
[DEBUG] [20-12-20] [org.apache.ibatis.transaction.jdbc.JdbcTransaction]Opening JDBC Connection
[DEBUG] [20-12-20] [org.apache.ibatis.datasource.pooled.PooledDataSource]Created connection 396883763.
[DEBUG] [20-12-20] [org.apache.ibatis.transaction.jdbc.JdbcTransaction]Setting autocommit to false on JDBC Connection [com.mysql.cj.jdbc.ConnectionImpl@17a7f733]
[DEBUG] [20-12-20] [cn.demo.mapper.IUserMapper.update]==>  Preparing: update userinfo set username=?,password=? where id = 5 
[DEBUG] [20-12-20] [cn.demo.mapper.IUserMapper.update]==> Parameters: harman(String), 555555(String)
[DEBUG] [20-12-20] [cn.demo.mapper.IUserMapper.update]<==    Updates: 1
[DEBUG] [20-12-20] [org.apache.ibatis.logging.LogFactory]Logging initialized using 'class org.apache.ibatis.logging.log4j.Log4jImpl' adapter.
[DEBUG] [20-12-20] [org.apache.ibatis.logging.LogFactory]Logging initialized using 'class org.apache.ibatis.logging.log4j.Log4jImpl' adapter.
[DEBUG] [20-12-20] [org.apache.ibatis.datasource.pooled.PooledDataSource]PooledDataSource forcefully closed/removed all connections.
[DEBUG] [20-12-20] [org.apache.ibatis.datasource.pooled.PooledDataSource]PooledDataSource forcefully closed/removed all connections.
[DEBUG] [20-12-20] [org.apache.ibatis.datasource.pooled.PooledDataSource]PooledDataSource forcefully closed/removed all connections.
[DEBUG] [20-12-20] [org.apache.ibatis.datasource.pooled.PooledDataSource]PooledDataSource forcefully closed/removed all connections.
[DEBUG] [20-12-20] [org.apache.ibatis.transaction.jdbc.JdbcTransaction]Opening JDBC Connection
[DEBUG] [20-12-20] [org.apache.ibatis.datasource.pooled.PooledDataSource]Created connection 396883763.
[DEBUG] [20-12-20] [org.apache.ibatis.transaction.jdbc.JdbcTransaction]Setting autocommit to false on JDBC Connection [com.mysql.cj.jdbc.ConnectionImpl@17a7f733]
[DEBUG] [20-12-20] [cn.demo.mapper.IUserMapper.update]==>  Preparing: update userinfo set password=? where id = 5 
[DEBUG] [20-12-20] [cn.demo.mapper.IUserMapper.update]==> Parameters: 555555(String)
[DEBUG] [20-12-20] [cn.demo.mapper.IUserMapper.update]<==    Updates: 1
[DEBUG] [20-12-20] [org.apache.ibatis.logging.LogFactory]Logging initialized using 'class org.apache.ibatis.logging.log4j.Log4jImpl' adapter.
[DEBUG] [20-12-20] [org.apache.ibatis.logging.LogFactory]Logging initialized using 'class org.apache.ibatis.logging.log4j.Log4jImpl' adapter.
[DEBUG] [20-12-20] [org.apache.ibatis.datasource.pooled.PooledDataSource]PooledDataSource forcefully closed/removed all connections.
[DEBUG] [20-12-20] [org.apache.ibatis.datasource.pooled.PooledDataSource]PooledDataSource forcefully closed/removed all connections.
[DEBUG] [20-12-20] [org.apache.ibatis.datasource.pooled.PooledDataSource]PooledDataSource forcefully closed/removed all connections.
[DEBUG] [20-12-20] [org.apache.ibatis.datasource.pooled.PooledDataSource]PooledDataSource forcefully closed/removed all connections.
[DEBUG] [20-12-20] [org.apache.ibatis.transaction.jdbc.JdbcTransaction]Opening JDBC Connection
[DEBUG] [20-12-20] [org.apache.ibatis.datasource.pooled.PooledDataSource]Created connection 396883763.
[DEBUG] [20-12-20] [org.apache.ibatis.transaction.jdbc.JdbcTransaction]Setting autocommit to false on JDBC Connection [com.mysql.cj.jdbc.ConnectionImpl@17a7f733]
[DEBUG] [20-12-20] [cn.demo.mapper.IUserMapper.update]==>  Preparing: update userinfo set username={0},password=? where id = 5 
[DEBUG] [20-12-20] [org.apache.ibatis.logging.LogFactory]Logging initialized using 'class org.apache.ibatis.logging.log4j.Log4jImpl' adapter.
[DEBUG] [20-12-20] [org.apache.ibatis.logging.LogFactory]Logging initialized using 'class org.apache.ibatis.logging.log4j.Log4jImpl' adapter.
[DEBUG] [20-12-20] [org.apache.ibatis.datasource.pooled.PooledDataSource]PooledDataSource forcefully closed/removed all connections.
[DEBUG] [20-12-20] [org.apache.ibatis.datasource.pooled.PooledDataSource]PooledDataSource forcefully closed/removed all connections.
[DEBUG] [20-12-20] [org.apache.ibatis.datasource.pooled.PooledDataSource]PooledDataSource forcefully closed/removed all connections.
[DEBUG] [20-12-20] [org.apache.ibatis.datasource.pooled.PooledDataSource]PooledDataSource forcefully closed/removed all connections.
[DEBUG] [20-12-20] [org.apache.ibatis.transaction.jdbc.JdbcTransaction]Opening JDBC Connection
[DEBUG] [20-12-20] [org.apache.ibatis.datasource.pooled.PooledDataSource]Created connection 1995250556.
[DEBUG] [20-12-20] [org.apache.ibatis.transaction.jdbc.JdbcTransaction]Setting autocommit to false on JDBC Connection [com.mysql.cj.jdbc.ConnectionImpl@76ed1b7c]
[DEBUG] [20-12-20] [cn.demo.mapper.IUserMapper.update]==>  Preparing: update userinfo set username={0},password=? where id = 5 
[DEBUG] [20-12-20] [org.apache.ibatis.logging.LogFactory]Logging initialized using 'class org.apache.ibatis.logging.log4j.Log4jImpl' adapter.
[DEBUG] [20-12-20] [org.apache.ibatis.logging.LogFactory]Logging initialized using 'class org.apache.ibatis.logging.log4j.Log4jImpl' adapter.
[DEBUG] [20-12-20] [org.apache.ibatis.datasource.pooled.PooledDataSource]PooledDataSource forcefully closed/removed all connections.
[DEBUG] [20-12-20] [org.apache.ibatis.datasource.pooled.PooledDataSource]PooledDataSource forcefully closed/removed all connections.
[DEBUG] [20-12-20] [org.apache.ibatis.datasource.pooled.PooledDataSource]PooledDataSource forcefully closed/removed all connections.
[DEBUG] [20-12-20] [org.apache.ibatis.datasource.pooled.PooledDataSource]PooledDataSource forcefully closed/removed all connections.
[DEBUG] [20-12-20] [org.apache.ibatis.transaction.jdbc.JdbcTransaction]Opening JDBC Connection
[DEBUG] [20-12-20] [org.apache.ibatis.datasource.pooled.PooledDataSource]Created connection 396883763.
[DEBUG] [20-12-20] [org.apache.ibatis.transaction.jdbc.JdbcTransaction]Setting autocommit to false on JDBC Connection [com.mysql.cj.jdbc.ConnectionImpl@17a7f733]
[DEBUG] [20-12-20] [cn.demo.mapper.IUserMapper.update]==>  Preparing: update userinfo set username={username},password=? where id = 5 
[DEBUG] [20-12-20] [cn.demo.mapper.IUserMapper.update]==> Parameters: 555555(String)
[DEBUG] [20-12-20] [org.apache.ibatis.logging.LogFactory]Logging initialized using 'class org.apache.ibatis.logging.log4j.Log4jImpl' adapter.
[DEBUG] [20-12-20] [org.apache.ibatis.logging.LogFactory]Logging initialized using 'class org.apache.ibatis.logging.log4j.Log4jImpl' adapter.
[DEBUG] [20-12-20] [org.apache.ibatis.datasource.pooled.PooledDataSource]PooledDataSource forcefully closed/removed all connections.
[DEBUG] [20-12-20] [org.apache.ibatis.datasource.pooled.PooledDataSource]PooledDataSource forcefully closed/removed all connections.
[DEBUG] [20-12-20] [org.apache.ibatis.datasource.pooled.PooledDataSource]PooledDataSource forcefully closed/removed all connections.
[DEBUG] [20-12-20] [org.apache.ibatis.datasource.pooled.PooledDataSource]PooledDataSource forcefully closed/removed all connections.
[DEBUG] [20-12-20] [org.apache.ibatis.transaction.jdbc.JdbcTransaction]Opening JDBC Connection
[DEBUG] [20-12-20] [org.apache.ibatis.datasource.pooled.PooledDataSource]Created connection 396883763.
[DEBUG] [20-12-20] [org.apache.ibatis.transaction.jdbc.JdbcTransaction]Setting autocommit to false on JDBC Connection [com.mysql.cj.jdbc.ConnectionImpl@17a7f733]
[DEBUG] [20-12-20] [cn.demo.mapper.IUserMapper.update]==>  Preparing: update userinfo set username=?,password=? where id = 5 
[DEBUG] [20-12-20] [cn.demo.mapper.IUserMapper.update]==> Parameters: harman(String), 555555(String)
[DEBUG] [20-12-20] [cn.demo.mapper.IUserMapper.update]<==    Updates: 1
[DEBUG] [20-12-20] [org.apache.ibatis.logging.LogFactory]Logging initialized using 'class org.apache.ibatis.logging.log4j.Log4jImpl' adapter.
[DEBUG] [20-12-20] [org.apache.ibatis.logging.LogFactory]Logging initialized using 'class org.apache.ibatis.logging.log4j.Log4jImpl' adapter.
[DEBUG] [20-12-20] [org.apache.ibatis.datasource.pooled.PooledDataSource]PooledDataSource forcefully closed/removed all connections.
[DEBUG] [20-12-20] [org.apache.ibatis.datasource.pooled.PooledDataSource]PooledDataSource forcefully closed/removed all connections.
[DEBUG] [20-12-20] [org.apache.ibatis.datasource.pooled.PooledDataSource]PooledDataSource forcefully closed/removed all connections.
[DEBUG] [20-12-20] [org.apache.ibatis.datasource.pooled.PooledDataSource]PooledDataSource forcefully closed/removed all connections.
[DEBUG] [20-12-20] [org.apache.ibatis.transaction.jdbc.JdbcTransaction]Opening JDBC Connection
[DEBUG] [20-12-20] [org.apache.ibatis.datasource.pooled.PooledDataSource]Created connection 396883763.
[DEBUG] [20-12-20] [org.apache.ibatis.transaction.jdbc.JdbcTransaction]Setting autocommit to false on JDBC Connection [com.mysql.cj.jdbc.ConnectionImpl@17a7f733]
[DEBUG] [20-12-20] [cn.demo.mapper.IUserMapper.update]==>  Preparing: update userinfo set username=?,password=? where id = 4 
[DEBUG] [20-12-20] [cn.demo.mapper.IUserMapper.update]==> Parameters: harman(String), 555555(String)
[DEBUG] [20-12-20] [cn.demo.mapper.IUserMapper.update]<==    Updates: 1
